[2025-03-02T12:31:47.565Z] ERROR: User validation failed: password: Cast to string failed for value "Promise { <pending> }" (type Promise) at path "password"
[2025-03-02T12:32:03.659Z] ERROR: User validation failed: password: Cast to string failed for value "Promise { <pending> }" (type Promise) at path "password"
[2025-03-02T12:33:24.326Z] ERROR: User validation failed: password: Cast to string failed for value "Promise { <pending> }" (type Promise) at path "password"
[2025-03-02T12:33:34.787Z] ERROR: User validation failed: password: Cast to string failed for value "Promise { <pending> }" (type Promise) at path "password"
[2025-03-02T12:34:01.996Z] ERROR: User validation failed: password: Cast to string failed for value "Promise { <pending> }" (type Promise) at path "password"
[2025-03-02T12:36:51.513Z] ERROR: User validation failed: password: Cast to string failed for value "Promise { <pending> }" (type Promise) at path "password"
[2025-03-02T12:40:22.315Z] ERROR: bcrypt is not defined
[2025-03-02T12:40:55.355Z] ERROR: bcrypt is not defined
[2025-03-02T12:41:15.481Z] ERROR: secretOrPrivateKey must have a value
[2025-03-02T12:42:24.706Z] ERROR: res.cookie is not a function
[2025-03-03T05:58:39.185Z] ERROR: Error: connect ECONNREFUSED 127.0.0.1:27017
[2025-03-03T08:08:55.876Z] ERROR: _id is not defined
[2025-03-03T08:09:12.096Z] ERROR: _id is not defined
[2025-03-03T08:09:29.221Z] ERROR: id is not defined
[2025-03-03T08:09:43.328Z] ERROR: priority is not defined
[2025-03-03T19:05:27.637Z] ERROR: Cannot read properties of undefined (reading 'role')
[2025-03-03T19:05:47.543Z] ERROR: Cannot read properties of undefined (reading 'role')
[2025-03-03T19:06:06.539Z] ERROR: Cannot read properties of undefined (reading '_id')
[2025-03-03T19:06:51.351Z] ERROR: Cannot read properties of undefined (reading 'id')
[2025-03-03T19:22:19.551Z] ERROR: Ticket validation failed: priority: `medium` is not a valid enum value for path `priority`., createdBy: Path `createdBy` is required.
[2025-03-03T19:22:52.370Z] ERROR: Ticket validation failed: createdBy: Path `createdBy` is required.
[2025-03-04T04:49:35.405Z] ERROR: Error: connect ECONNREFUSED 127.0.0.1:27017
[2025-03-04T07:24:28.744Z] ERROR: Cast to ObjectId failed for value ":id" (type string) at path "_id" for model "Ticket"
[2025-03-04T07:26:53.193Z] ERROR: Cast to ObjectId failed for value ":id" (type string) at path "_id" for model "Ticket"
[2025-03-04T07:26:53.201Z] ERROR: Cast to ObjectId failed for value ":id" (type string) at path "_id" for model "Ticket"
[2025-03-04T07:26:57.914Z] ERROR: Cast to ObjectId failed for value ":id" (type string) at path "_id" for model "Ticket"
[2025-03-04T07:47:53.071Z] ERROR: Cast to ObjectId failed for value "undefined" (type string) at path "_id" for model "Ticket"
[2025-03-04T07:47:53.083Z] ERROR: Cast to ObjectId failed for value "undefined" (type string) at path "_id" for model "Ticket"
[2025-03-04T07:48:54.013Z] ERROR: Cast to ObjectId failed for value "undefined" (type string) at path "_id" for model "Ticket"
[2025-03-04T07:51:23.820Z] ERROR: Cast to ObjectId failed for value "undefined" (type string) at path "_id" for model "Ticket"
[2025-03-04T07:51:23.828Z] ERROR: Cast to ObjectId failed for value "undefined" (type string) at path "_id" for model "Ticket"
[2025-03-04T07:54:04.356Z] ERROR: Cast to ObjectId failed for value "undefined" (type string) at path "_id" for model "Ticket"
[2025-03-04T07:54:04.365Z] ERROR: Cast to ObjectId failed for value "undefined" (type string) at path "_id" for model "Ticket"
[2025-03-04T07:54:57.575Z] ERROR: Cast to ObjectId failed for value "undefined" (type string) at path "_id" for model "Ticket"
[2025-03-04T07:54:57.582Z] ERROR: Cast to ObjectId failed for value "undefined" (type string) at path "_id" for model "Ticket"
[2025-03-04T07:56:55.637Z] ERROR: Cast to ObjectId failed for value "undefined" (type string) at path "_id" for model "Ticket"
[2025-03-04T07:56:55.648Z] ERROR: Cast to ObjectId failed for value "undefined" (type string) at path "_id" for model "Ticket"
[2025-03-04T10:37:33.996Z] ERROR: ticket.remove is not a function
[2025-03-05T12:22:24.497Z] ERROR: Error: connect ECONNREFUSED 127.0.0.1:27017
[2025-03-06T06:05:16.263Z] ERROR: Error: connect ECONNREFUSED 127.0.0.1:27017
[2025-03-06T06:59:13.562Z] ERROR: Cast to ObjectId failed for value "undefined" (type string) at path "_id" for model "Ticket"
[2025-03-06T06:59:13.566Z] ERROR: Cast to ObjectId failed for value "undefined" (type string) at path "_id" for model "Ticket"
[2025-03-07T12:36:21.476Z] ERROR: Cast to ObjectId failed for value "undefined" (type string) at path "_id" for model "Ticket"
[2025-03-07T12:36:21.481Z] ERROR: Cast to ObjectId failed for value "undefined" (type string) at path "_id" for model "Ticket"
[2025-03-07T12:36:32.536Z] ERROR: Cast to ObjectId failed for value "undefined" (type string) at path "_id" for model "Ticket"
[2025-03-07T12:36:32.543Z] ERROR: Cast to ObjectId failed for value "undefined" (type string) at path "_id" for model "Ticket"
[2025-03-07T12:43:31.254Z] ERROR: Cast to ObjectId failed for value "undefined" (type string) at path "_id" for model "Ticket"
[2025-03-07T12:43:31.262Z] ERROR: Cast to ObjectId failed for value "undefined" (type string) at path "_id" for model "Ticket"
[2025-03-07T12:59:15.899Z] ERROR: Cast to ObjectId failed for value "undefined" (type string) at path "_id" for model "Ticket"
[2025-03-07T12:59:15.906Z] ERROR: Cast to ObjectId failed for value "undefined" (type string) at path "_id" for model "Ticket"
[2025-03-07T13:02:03.266Z] ERROR: Ticket validation failed: status: `progress` is not a valid enum value for path `status`., priority: `medium` is not a valid enum value for path `priority`.
[2025-03-07T13:02:27.804Z] ERROR: Ticket validation failed: priority: `medium` is not a valid enum value for path `priority`.
